**Build some complex_8s:(0+0j) (1+0j) (2+3j) (4+5j)
**Build some complex_16s(0+0j) (1+0j) (2+3j) (4+5j)
**Test complex_8 x= COMPLEX_8 ops
(2+3j)+=(4+5j) -> (6+8j)
(6+8j)-=(4+5j) -> (2+3j)
(2+3j)*=(4+5j) -> (-7+22j)
(-7+22j)/=(4+5j) -> (2+3j)
**Test complex_8 x= SCALAR ops
(2+3j)+=6 -> (8+3j)
(8+3j)-=6 -> (2+3j)
(2+3j)*=6 -> (12+18j)
(12+18j)/=6 -> (2+3j)
**Test complex_16 x= COMPLEX_16 ops
(2+3j)+=(4+5j) -> (6+8j)
(6+8j)-=(4+5j) -> (2+3j)
(2+3j)*=(4+5j) -> (-7+22j)
(-7+22j)/=(4+5j) -> (2+3j)
**Test complex_16 x= SCALAR ops
(2+3j)+=6 -> (8+3j)
(8+3j)-=6 -> (2+3j)
(2+3j)*=6 -> (12+18j)
(12+18j)/=6 -> (2+3j)
**Test complex_8 x COMPLEX_8 ops
(2+3j)+(4+5j) -> (6+8j)
(2+3j)-(4+5j) -> (-2-2j)
(2+3j)*(4+5j) -> (-7+22j)
(2+3j)/(4+5j) -> (0.5609756+0.04878049j)
**Test complex_8 x= SCALAR ops
(2+3j)+6 -> (8+3j)
6+(2+3j) -> (8+3j)
(2+3j)-6 -> (-4+3j)
6-(2+3j) -> (4-3j)
(2+3j)*6 -> (12+18j)
6*(2+3j) -> (12+18j)
(2+3j)/6 -> (0.3333333+0.5j)
6/(2+3j) -> (0.9230769-1.384615j)
**Test complex_16 x= SCALAR ops
(2+3j)+6 -> (8+3j)
6+(2+3j) -> (8+3j)
(2+3j)-6 -> (-4+3j)
6-(2+3j) -> (4-3j)
(2+3j)*6 -> (12+18j)
6*(2+3j) -> (12+18j)
(2+3j)/6 -> (0.333333333333333+0.5j)
6/(2+3j) -> (0.923076923076923-1.38461538461538j)
**Test: Mix it up, just make sure these compile
(23+3j)
(23+3j)
a6 = (23+3j)
b6 = (23+3j)
a6 = (23+3j)
b6 = (23+3j)
(3+4j)
(3+4j)
(3.1415+4.333j)
